[24-May-2021 08:58:42 UTC] PHP Fatal error:  Uncaught Error: Call to undefined function dd() in C:\Users\HieuDauBo\Local Sites\fictional-university\app\public\wp-content\themes\fictional-university-theme\index.php:7
Stack trace:
#0 C:\Users\HieuDauBo\Local Sites\fictional-university\app\public\wp-includes\template-loader.php(106): include()
#1 C:\Users\HieuDauBo\Local Sites\fictional-university\app\public\wp-blog-header.php(19): require_once('C:\\Users\\HieuDa...')
#2 C:\Users\HieuDauBo\Local Sites\fictional-university\app\public\index.php(17): require('C:\\Users\\HieuDa...')
#3 {main}
  thrown in C:\Users\HieuDauBo\Local Sites\fictional-university\app\public\wp-content\themes\fictional-university-theme\index.php on line 7
[24-May-2021 11:18:30 UTC] PHP Parse error:  syntax error, unexpected 'wp_enqueue_style' (T_STRING) in C:\Users\HieuDauBo\Local Sites\fictional-university\app\public\wp-content\themes\fictional-university-theme\functions.php on line 9
[24-May-2021 11:18:30 UTC] PHP Parse error:  syntax error, unexpected 'wp_enqueue_style' (T_STRING) in C:\Users\HieuDauBo\Local Sites\fictional-university\app\public\wp-content\themes\fictional-university-theme\functions.php on line 9
[24-May-2021 11:28:39 UTC] PHP Fatal error:  Uncaught Error: Call to undefined function get_theme_file_url() in C:\Users\HieuDauBo\Local Sites\fictional-university\app\public\wp-content\themes\fictional-university-theme\index.php:6
Stack trace:
#0 C:\Users\HieuDauBo\Local Sites\fictional-university\app\public\wp-includes\template-loader.php(106): include()
#1 C:\Users\HieuDauBo\Local Sites\fictional-university\app\public\wp-blog-header.php(19): require_once('C:\\Users\\HieuDa...')
#2 C:\Users\HieuDauBo\Local Sites\fictional-university\app\public\index.php(17): require('C:\\Users\\HieuDa...')
#3 {main}
  thrown in C:\Users\HieuDauBo\Local Sites\fictional-university\app\public\wp-content\themes\fictional-university-theme\index.php on line 6
[24-May-2021 11:29:06 UTC] PHP Fatal error:  Uncaught Error: Call to undefined function get_theme_file_url() in C:\Users\HieuDauBo\Local Sites\fictional-university\app\public\wp-content\themes\fictional-university-theme\index.php:6
Stack trace:
#0 C:\Users\HieuDauBo\Local Sites\fictional-university\app\public\wp-includes\template-loader.php(106): include()
#1 C:\Users\HieuDauBo\Local Sites\fictional-university\app\public\wp-blog-header.php(19): require_once('C:\\Users\\HieuDa...')
#2 C:\Users\HieuDauBo\Local Sites\fictional-university\app\public\index.php(17): require('C:\\Users\\HieuDa...')
#3 {main}
  thrown in C:\Users\HieuDauBo\Local Sites\fictional-university\app\public\wp-content\themes\fictional-university-theme\index.php on line 6
[24-May-2021 11:29:16 UTC] PHP Fatal error:  Uncaught Error: Call to undefined function get_theme_file_url() in C:\Users\HieuDauBo\Local Sites\fictional-university\app\public\wp-content\themes\fictional-university-theme\index.php:6
Stack trace:
#0 C:\Users\HieuDauBo\Local Sites\fictional-university\app\public\wp-includes\template-loader.php(106): include()
#1 C:\Users\HieuDauBo\Local Sites\fictional-university\app\public\wp-blog-header.php(19): require_once('C:\\Users\\HieuDa...')
#2 C:\Users\HieuDauBo\Local Sites\fictional-university\app\public\index.php(17): require('C:\\Users\\HieuDa...')
#3 {main}
  thrown in C:\Users\HieuDauBo\Local Sites\fictional-university\app\public\wp-content\themes\fictional-university-theme\index.php on line 6
[24-May-2021 11:33:27 UTC] PHP Parse error:  syntax error, unexpected '}' in C:\Users\HieuDauBo\Local Sites\fictional-university\app\public\wp-content\themes\fictional-university-theme\functions.php on line 19
[24-May-2021 11:33:27 UTC] PHP Parse error:  syntax error, unexpected '}' in C:\Users\HieuDauBo\Local Sites\fictional-university\app\public\wp-content\themes\fictional-university-theme\functions.php on line 19
[24-May-2021 14:00:53 UTC] PHP Parse error:  syntax error, unexpected '-', expecting '(' in C:\Users\HieuDauBo\Local Sites\fictional-university\app\public\wp-content\themes\fictional-university-theme\functions.php on line 25
[24-May-2021 14:00:53 UTC] PHP Parse error:  syntax error, unexpected '-', expecting '(' in C:\Users\HieuDauBo\Local Sites\fictional-university\app\public\wp-content\themes\fictional-university-theme\functions.php on line 25
[25-May-2021 14:08:33 UTC] PHP Parse error:  syntax error, unexpected ')' in C:\Users\HieuDauBo\Local Sites\fictional-university\app\public\wp-content\themes\fictional-university-theme\page.php on line 24
[25-May-2021 14:53:04 UTC] PHP Parse error:  syntax error, unexpected 'if' (T_IF) in C:\Users\HieuDauBo\Local Sites\fictional-university\app\public\wp-content\themes\fictional-university-theme\page.php on line 46
[25-May-2021 14:53:22 UTC] PHP Parse error:  syntax error, unexpected '=>' (T_DOUBLE_ARROW) in C:\Users\HieuDauBo\Local Sites\fictional-university\app\public\wp-content\themes\fictional-university-theme\page.php on line 47
[27-May-2021 03:21:51 UTC] PHP Parse error:  syntax error, unexpected '?>', expecting identifier (T_STRING) or variable (T_VARIABLE) or '{' or '$' in C:\Users\HieuDauBo\Local Sites\fictional-university\app\public\wp-content\themes\fictional-university-theme\front-page.php on line 40
[28-May-2021 12:53:42 UTC] PHP Parse error:  syntax error, unexpected '?' in C:\Users\HieuDauBo\Local Sites\fictional-university\app\public\wp-content\themes\fictional-university-theme\single-program.php on line 64
