[30-May-2021 06:59:34 UTC] 68
[30-May-2021 06:59:35 UTC] PHP Notice:  Undefined index: photo in C:\Users\HieuDauBo\Local Sites\fictional-university\app\public\wp-content\themes\fictional-university-theme\functions.php on line 115
[30-May-2021 06:59:35 UTC] PHP Stack trace:
[30-May-2021 06:59:35 UTC] PHP   1. {main}() C:\Users\HieuDauBo\Local Sites\fictional-university\app\public\index.php:0
[30-May-2021 06:59:35 UTC] PHP   2. require() C:\Users\HieuDauBo\Local Sites\fictional-university\app\public\index.php:17
[30-May-2021 06:59:35 UTC] PHP   3. require_once() C:\Users\HieuDauBo\Local Sites\fictional-university\app\public\wp-blog-header.php:19
[30-May-2021 06:59:35 UTC] PHP   4. include() C:\Users\HieuDauBo\Local Sites\fictional-university\app\public\wp-includes\template-loader.php:106
[30-May-2021 06:59:35 UTC] PHP   5. pageBanner() C:\Users\HieuDauBo\Local Sites\fictional-university\app\public\wp-content\themes\fictional-university-theme\index.php:4
[30-May-2021 07:01:11 UTC] 68
[30-May-2021 07:01:12 UTC] PHP Notice:  Undefined index: photo in C:\Users\HieuDauBo\Local Sites\fictional-university\app\public\wp-content\themes\fictional-university-theme\functions.php on line 115
[30-May-2021 07:01:12 UTC] PHP Stack trace:
[30-May-2021 07:01:12 UTC] PHP   1. {main}() C:\Users\HieuDauBo\Local Sites\fictional-university\app\public\index.php:0
[30-May-2021 07:01:12 UTC] PHP   2. require() C:\Users\HieuDauBo\Local Sites\fictional-university\app\public\index.php:17
[30-May-2021 07:01:12 UTC] PHP   3. require_once() C:\Users\HieuDauBo\Local Sites\fictional-university\app\public\wp-blog-header.php:19
[30-May-2021 07:01:12 UTC] PHP   4. include() C:\Users\HieuDauBo\Local Sites\fictional-university\app\public\wp-includes\template-loader.php:106
[30-May-2021 07:01:12 UTC] PHP   5. pageBanner() C:\Users\HieuDauBo\Local Sites\fictional-university\app\public\wp-content\themes\fictional-university-theme\index.php:4
[30-May-2021 07:02:04 UTC] 66
[30-May-2021 07:02:05 UTC] PHP Notice:  Undefined index: photo in C:\Users\HieuDauBo\Local Sites\fictional-university\app\public\wp-content\themes\fictional-university-theme\functions.php on line 115
[30-May-2021 07:02:05 UTC] PHP Stack trace:
[30-May-2021 07:02:05 UTC] PHP   1. {main}() C:\Users\HieuDauBo\Local Sites\fictional-university\app\public\index.php:0
[30-May-2021 07:02:05 UTC] PHP   2. require() C:\Users\HieuDauBo\Local Sites\fictional-university\app\public\index.php:17
[30-May-2021 07:02:05 UTC] PHP   3. require_once() C:\Users\HieuDauBo\Local Sites\fictional-university\app\public\wp-blog-header.php:19
[30-May-2021 07:02:05 UTC] PHP   4. include() C:\Users\HieuDauBo\Local Sites\fictional-university\app\public\wp-includes\template-loader.php:106
[30-May-2021 07:02:05 UTC] PHP   5. pageBanner() C:\Users\HieuDauBo\Local Sites\fictional-university\app\public\wp-content\themes\fictional-university-theme\index.php:4
[30-May-2021 07:02:13 UTC] 67
[30-May-2021 07:02:14 UTC] PHP Notice:  Undefined index: photo in C:\Users\HieuDauBo\Local Sites\fictional-university\app\public\wp-content\themes\fictional-university-theme\functions.php on line 115
[30-May-2021 07:02:14 UTC] PHP Stack trace:
[30-May-2021 07:02:14 UTC] PHP   1. {main}() C:\Users\HieuDauBo\Local Sites\fictional-university\app\public\index.php:0
[30-May-2021 07:02:14 UTC] PHP   2. require() C:\Users\HieuDauBo\Local Sites\fictional-university\app\public\index.php:17
[30-May-2021 07:02:14 UTC] PHP   3. require_once() C:\Users\HieuDauBo\Local Sites\fictional-university\app\public\wp-blog-header.php:19
[30-May-2021 07:02:14 UTC] PHP   4. include() C:\Users\HieuDauBo\Local Sites\fictional-university\app\public\wp-includes\template-loader.php:106
[30-May-2021 07:02:14 UTC] PHP   5. pageBanner() C:\Users\HieuDauBo\Local Sites\fictional-university\app\public\wp-content\themes\fictional-university-theme\index.php:4
[30-May-2021 07:03:33 UTC] 67
[30-May-2021 07:03:33 UTC] PHP Notice:  Undefined index: photo in C:\Users\HieuDauBo\Local Sites\fictional-university\app\public\wp-content\themes\fictional-university-theme\functions.php on line 117
[30-May-2021 07:03:33 UTC] PHP Stack trace:
[30-May-2021 07:03:33 UTC] PHP   1. {main}() C:\Users\HieuDauBo\Local Sites\fictional-university\app\public\index.php:0
[30-May-2021 07:03:33 UTC] PHP   2. require() C:\Users\HieuDauBo\Local Sites\fictional-university\app\public\index.php:17
[30-May-2021 07:03:33 UTC] PHP   3. require_once() C:\Users\HieuDauBo\Local Sites\fictional-university\app\public\wp-blog-header.php:19
[30-May-2021 07:03:33 UTC] PHP   4. include() C:\Users\HieuDauBo\Local Sites\fictional-university\app\public\wp-includes\template-loader.php:106
[30-May-2021 07:03:33 UTC] PHP   5. pageBanner() C:\Users\HieuDauBo\Local Sites\fictional-university\app\public\wp-content\themes\fictional-university-theme\index.php:4
[30-May-2021 07:03:53 UTC] 67
[30-May-2021 07:03:57 UTC] 67
